2025-08-16 09:01:12 [INFO] Server started successfully
2025-08-16 09:01:15 [ERROR] Database connection failed: timeout
2025-08-16 09:01:20 [ERROR] User login failed for user admin
2025-08-16 09:01:25 [WARNING] Disk space running low
2025-08-16 09:01:30 [ERROR] File upload failed: checksum mismatch
2025-08-16 09:01:35 [INFO] Scheduled job completed
2025-08-16 09:01:40 [ERROR] Cache synchronization failed
2025-08-16 09:01:45 [ERROR] Failed to start worker process
2025-08-16 09:01:50 [ERROR] Network connection failed: host unreachable
2025-08-16 09:01:55 [WARNING] High CPU usage detected
2025-08-16 09:02:00 [ERROR] Failed to write to log file: disk full
2025-08-16 09:02:05 [ERROR] Service restart failed
2025-08-16 09:02:10 [INFO] User logout completed
2025-08-16 09:02:15 [ERROR] Authentication failed: invalid token
2025-08-16 09:02:20 [ERROR] Failed to fetch API data
2025-08-16 09:02:25 [ERROR] File deletion failed: permission denied
2025-08-16 09:02:30 [WARNING] Memory usage high
2025-08-16 09:02:35 [ERROR] Failed to commit transaction
2025-08-16 09:02:40 [ERROR] Failed to initialize module
2025-08-16 09:02:45 [INFO] Background job completed
2025-08-16 09:02:50 [ERROR] Connection failed: timeout
2025-08-16 09:02:55 [ERROR] Failed to load configuration
2025-08-16 09:03:00 [ERROR] User profile update failed
2025-08-16 09:03:05 [ERROR] Failed to allocate memory
2025-08-16 09:03:10 [INFO] Backup completed
2025-08-16 09:03:15 [ERROR] Failed to start database service
2025-08-16 09:03:20 [ERROR] Email sending failed
2025-08-16 09:03:25 [ERROR] Failed to download update
2025-08-16 09:03:30 [ERROR] Failed to mount disk
2025-08-16 09:03:35 [WARNING] Disk nearing capacity
2025-08-16 09:03:40 [ERROR] Failed to parse log file
